d:\documents-(d)\hbo-ict\jaar2\blok b\git\hbo-ict_jaar_2_blok_b_c_plus_plus\week3-opgave\debug\vc140.pdb
d:\documents-(d)\hbo-ict\jaar2\blok b\git\hbo-ict_jaar_2_blok_b_c_plus_plus\week3-opgave\debug\vc140.idb
d:\documents-(d)\hbo-ict\jaar2\blok b\git\hbo-ict_jaar_2_blok_b_c_plus_plus\week3-opgave\debug\button_actions.obj
d:\documents-(d)\hbo-ict\jaar2\blok b\git\hbo-ict_jaar_2_blok_b_c_plus_plus\week3-opgave\debug\circle.obj
d:\documents-(d)\hbo-ict\jaar2\blok b\git\hbo-ict_jaar_2_blok_b_c_plus_plus\week3-opgave\debug\color_convert.obj
d:\documents-(d)\hbo-ict\jaar2\blok b\git\hbo-ict_jaar_2_blok_b_c_plus_plus\week3-opgave\debug\file_reading_operators.obj
d:\documents-(d)\hbo-ict\jaar2\blok b\git\hbo-ict_jaar_2_blok_b_c_plus_plus\week3-opgave\debug\line.obj
d:\documents-(d)\hbo-ict\jaar2\blok b\git\hbo-ict_jaar_2_blok_b_c_plus_plus\week3-opgave\debug\main.obj
d:\documents-(d)\hbo-ict\jaar2\blok b\git\hbo-ict_jaar_2_blok_b_c_plus_plus\week3-opgave\debug\object_editor.obj
d:\documents-(d)\hbo-ict\jaar2\blok b\git\hbo-ict_jaar_2_blok_b_c_plus_plus\week3-opgave\debug\picture.obj
d:\documents-(d)\hbo-ict\jaar2\blok b\git\hbo-ict_jaar_2_blok_b_c_plus_plus\week3-opgave\debug\rectangle.obj
d:\documents-(d)\hbo-ict\jaar2\blok b\git\hbo-ict_jaar_2_blok_b_c_plus_plus\week3-opgave\debug\screen_objects.obj
d:\documents-(d)\hbo-ict\jaar2\blok b\git\hbo-ict_jaar_2_blok_b_c_plus_plus\debug\week3-opgave.pdb
d:\documents-(d)\hbo-ict\jaar2\blok b\git\hbo-ict_jaar_2_blok_b_c_plus_plus\week3-opgave\debug\week3-opgave.tlog\cl.command.1.tlog
d:\documents-(d)\hbo-ict\jaar2\blok b\git\hbo-ict_jaar_2_blok_b_c_plus_plus\week3-opgave\debug\week3-opgave.tlog\cl.read.1.tlog
d:\documents-(d)\hbo-ict\jaar2\blok b\git\hbo-ict_jaar_2_blok_b_c_plus_plus\week3-opgave\debug\week3-opgave.tlog\cl.write.1.tlog
d:\documents-(d)\hbo-ict\jaar2\blok b\git\hbo-ict_jaar_2_blok_b_c_plus_plus\week3-opgave\debug\week3-opgave.tlog\link-cvtres.read.1.tlog
d:\documents-(d)\hbo-ict\jaar2\blok b\git\hbo-ict_jaar_2_blok_b_c_plus_plus\week3-opgave\debug\week3-opgave.tlog\link-cvtres.write.1.tlog
d:\documents-(d)\hbo-ict\jaar2\blok b\git\hbo-ict_jaar_2_blok_b_c_plus_plus\week3-opgave\debug\week3-opgave.tlog\link-rc.read.1.tlog
d:\documents-(d)\hbo-ict\jaar2\blok b\git\hbo-ict_jaar_2_blok_b_c_plus_plus\week3-opgave\debug\week3-opgave.tlog\link-rc.write.1.tlog
d:\documents-(d)\hbo-ict\jaar2\blok b\git\hbo-ict_jaar_2_blok_b_c_plus_plus\week3-opgave\debug\week3-opgave.tlog\link.command.1.tlog
d:\documents-(d)\hbo-ict\jaar2\blok b\git\hbo-ict_jaar_2_blok_b_c_plus_plus\week3-opgave\debug\week3-opgave.tlog\link.read.1.tlog
d:\documents-(d)\hbo-ict\jaar2\blok b\git\hbo-ict_jaar_2_blok_b_c_plus_plus\week3-opgave\debug\week3-opgave.tlog\link.write.1.tlog
